#
# A fatal error has been detected by the Java Runtime Environment:
#
#  EXCEPTION_ACCESS_VIOLATION (0xc0000005) at pc=0x00000000022d4ebe, pid=7580, tid=0x0000000000003594
#
# JRE version: OpenJDK Runtime Environment (8.0_202-b03) (build 1.8.0_202-release-1483-b03)
# Java VM: OpenJDK 64-Bit Server VM (25.202-b03 mixed mode windows-amd64 compressed oops)
# Problematic frame:
# j  com.android.tools.r8.ir.code.Value.y()Z+1
#
# Failed to write core dump. Minidumps are not enabled by default on client versions of Windows
#
# If you would like to submit a bug report, please visit:
#   http://bugreport.java.com/bugreport/crash.jsp
#

---------------  T H R E A D  ---------------

Current thread (0x0000000017fdc800):  JavaThread "Daemon worker" [_thread_in_Java, id=13716, stack(0x000000001a1d0000,0x000000001a2d0000)]

siginfo: ExceptionCode=0xc0000005, reading address 0x000000070ec23d68

Registers:
RAX=0x000000070ec23b00, RBX=0x0000000000000018, RCX=0x00000000e1d84d88, RDX=0x0000000100c335b0
RSP=0x000000001a2c9370, RBP=0x000000001a2c93c0, RSI=0x0000000022f4bd80, RDI=0x000000002fc909c0
R8 =0x0000000000706180, R9 =0x0000000000008000, R10=0x0000000067740c20, R11=0x000000001a2c9330
R12=0x0000000000000000, R13=0x0000000029066939, R14=0x00000000293d94f8, R15=0x0000000017fdc800
RIP=0x00000000022d4ebe, EFLAGS=0x0000000000010202

Top of Stack: (sp=0x000000001a2c9370)
0x000000001a2c9370:   00000000022b7870 00000000e1d84d88
0x000000001a2c9380:   000000001a2c9380 0000000029066939
0x000000001a2c9390:   000000001a2c93d0 0000000029228908
0x000000001a2c93a0:   00000000293d94f8 0000000029066958
0x000000001a2c93b0:   0000000000000000 000000001a2c93d0
0x000000001a2c93c0:   000000001a2c9418 00000000022b7870
0x000000001a2c93d0:   00000000e1d84d88 000000001a2c93d8
0x000000001a2c93e0:   00000000292fabd5 000000001a2c9448
0x000000001a2c93f0:   00000000292fb468 0000000029446480
0x000000001a2c9400:   00000000292facf0 000000001a2c93d0
0x000000001a2c9410:   000000001a2c9450 00000000e3318958
0x000000001a2c9420:   00000000066b38e8 0000000000000000
0x000000001a2c9430:   0000000000000000 0000000000000000
0x000000001a2c9440:   00000000e3204c30 00000000e3318958
0x000000001a2c9450:   00000000e3204cc0 000001170000019a
0x000000001a2c9460:   0000000000000118 0000000005dc2e84 

Instructions: (pc=0x00000000022d4ebe)
0x00000000022d4e9e:   01 49 83 5e 28 00 e9 0d 00 00 00 49 89 46 10 ba
0x00000000022d4eae:   01 00 00 00 49 89 56 18 49 83 c6 30 4c 89 75 e0
0x00000000022d4ebe:   48 8b 9c d8 a8 01 00 00 48 8b 55 e0 48 85 d2 0f
0x00000000022d4ece:   84 2f 01 00 00 80 7a d0 0b 0f 85 25 01 00 00 48 


Register to memory mapping:

RAX=0x000000070ec23b00 is an unknown value
RBX=0x0000000000000018 is an unknown value
RCX=0x00000000e1d84d88 is an oop

[error occurred during error reporting (printing register info), id 0xc0000005]

Stack: [0x000000001a1d0000,0x000000001a2d0000],  sp=0x000000001a2c9370,  free space=996k
Native frames: (J=compiled Java code, j=interpreted, Vv=VM code, C=native code)
C  0x00000000022d4ebe


---------------  P R O C E S S  ---------------

Java Threads: ( => current thread )
  0x0000000022322800 JavaThread "Cache worker for Java compile cache (C:\Users\beboooooo\AndroidStudioProjects\eCommerce\.gradle\5.4.1\javaCompile)" [_thread_blocked, id=13824, stack(0x0000000027c80000,0x0000000027d80000)]
  0x0000000022321000 JavaThread "Cache worker for Java compile cache (C:\Users\beboooooo\.gradle\caches\5.4.1\javaCompile)" [_thread_blocked, id=2688, stack(0x0000000027b80000,0x0000000027c80000)]
  0x0000000022320000 JavaThread "WorkerExecutor Queue Thread 5" [_thread_blocked, id=11056, stack(0x0000000027a80000,0x0000000027b80000)]
  0x000000002231e000 JavaThread "stdout" [_thread_in_native, id=3832, stack(0x0000000027980000,0x0000000027a80000)]
  0x000000002231d000 JavaThread "stderr" [_thread_in_native, id=9012, stack(0x0000000027880000,0x0000000027980000)]
  0x0000000022321800 JavaThread "stdout" [_thread_in_native, id=11188, stack(0x0000000027780000,0x0000000027880000)]
  0x000000001b2b6000 JavaThread "stderr" [_thread_in_native, id=7316, stack(0x0000000027680000,0x0000000027780000)]
  0x000000001cf4d000 JavaThread "stdout" [_thread_in_native, id=2144, stack(0x0000000027580000,0x0000000027680000)]
  0x000000001cf4c800 JavaThread "stderr" [_thread_in_native, id=2812, stack(0x0000000027480000,0x0000000027580000)]
  0x000000001cf4f000 JavaThread "stdout" [_thread_in_native, id=13356, stack(0x0000000027380000,0x0000000027480000)]
  0x000000001cf43800 JavaThread "stderr" [_thread_in_native, id=10888, stack(0x0000000027280000,0x0000000027380000)]
  0x000000001cf4a000 JavaThread "pool-4-thread-1" [_thread_blocked, id=8684, stack(0x0000000027180000,0x0000000027280000)]
  0x000000001cf45000 JavaThread "MarlinRenderer Disposer" daemon [_thread_blocked, id=8624, stack(0x0000000027080000,0x0000000027180000)]
  0x000000001cf4b000 JavaThread "Java2D Disposer" daemon [_thread_blocked, id=14176, stack(0x0000000026f80000,0x0000000027080000)]
  0x000000001cf4b800 JavaThread "WorkerExecutor Queue Thread 4" [_thread_blocked, id=4920, stack(0x0000000026c80000,0x0000000026d80000)]
  0x000000001cf42000 JavaThread "WorkerExecutor Queue Thread 2" [_thread_blocked, id=9904, stack(0x0000000026a80000,0x0000000026b80000)]
  0x000000001cf48000 JavaThread "WorkerExecutor Queue" [_thread_blocked, id=13324, stack(0x0000000026980000,0x0000000026a80000)]
  0x000000001cf40800 JavaThread "Cache worker for execution history cache (C:\Users\beboooooo\AndroidStudioProjects\eCommerce\.gradle\5.4.1\executionHistory)" [_thread_blocked, id=5080, stack(0x0000000026880000,0x0000000026980000)]
  0x000000001cf42800 JavaThread "Execution worker for ':' Thread 3" [_thread_in_Java, id=14332, stack(0x0000000026780000,0x0000000026880000)]
  0x000000001cf46800 JavaThread "Execution worker for ':' Thread 2" [_thread_in_Java, id=820, stack(0x0000000026680000,0x0000000026780000)]
  0x000000001cf45800 JavaThread "Execution worker for ':'" [_thread_in_Java, id=2112, stack(0x0000000026580000,0x0000000026680000)]
  0x000000001cf47000 JavaThread "Cache worker for file content cache (C:\Users\beboooooo\AndroidStudioProjects\eCommerce\.gradle\5.4.1\fileContent)" [_thread_blocked, id=10604, stack(0x0000000026480000,0x0000000026580000)]
  0x000000001cf44000 JavaThread "Cache worker for file content cache (C:\Users\beboooooo\.gradle\caches\5.4.1\fileContent)" [_thread_blocked, id=14312, stack(0x0000000026380000,0x0000000026480000)]
  0x000000001cf3f800 JavaThread "Cache worker for Build Output Cleanup Cache (C:\Users\beboooooo\AndroidStudioProjects\eCommerce\.gradle\buildOutputCleanup)" [_thread_blocked, id=8752, stack(0x0000000026280000,0x0000000026380000)]
  0x0000000018711800 JavaThread "Build operations Thread 4" [_thread_blocked, id=11272, stack(0x0000000026180000,0x0000000026280000)]
  0x000000001870e800 JavaThread "Build operations Thread 3" [_thread_blocked, id=5928, stack(0x0000000026080000,0x0000000026180000)]
  0x000000001870d800 JavaThread "Build operations Thread 2" [_thread_blocked, id=8876, stack(0x0000000025f80000,0x0000000026080000)]
  0x000000001b2b5000 JavaThread "Build operations" [_thread_blocked, id=13376, stack(0x0000000025e80000,0x0000000025f80000)]
  0x000000001b2b3000 JavaThread "Cache worker for cache directory md-rule (C:\Users\beboooooo\.gradle\caches\5.4.1\md-rule)" [_thread_blocked, id=12912, stack(0x0000000025d80000,0x0000000025e80000)]
  0x000000001b2b0000 JavaThread "Cache worker for cache directory md-supplier (C:\Users\beboooooo\.gradle\caches\5.4.1\md-supplier)" [_thread_blocked, id=13452, stack(0x0000000025c80000,0x0000000025d80000)]
  0x000000001b2b2000 JavaThread "Cache worker for file hash cache (C:\Users\beboooooo\AndroidStudioProjects\eCommerce\.gradle\5.4.1\fileHashes)" [_thread_blocked, id=11392, stack(0x0000000025b80000,0x0000000025c80000)]
  0x000000001b2b4800 JavaThread "Thread-31" [_thread_blocked, id=13456, stack(0x0000000025a80000,0x0000000025b80000)]
  0x000000001b2aa000 JavaThread "Asynchronous log dispatcher for DefaultDaemonConnection: socket connection from /127.0.0.1:53368 to /127.0.0.1:53415" [_thread_blocked, id=4292, stack(0x0000000025880000,0x0000000025980000)]
  0x000000001b2af000 JavaThread "Cancel handler" [_thread_blocked, id=6544, stack(0x0000000025780000,0x0000000025880000)]
  0x000000001b2a7800 JavaThread "Handler for socket connection from /127.0.0.1:53368 to /127.0.0.1:53415" [_thread_in_native, id=7256, stack(0x0000000025680000,0x0000000025780000)]
  0x000000001b2a9000 JavaThread "Memory manager" [_thread_blocked, id=6052, stack(0x0000000022160000,0x0000000022260000)]
  0x000000001b2aa800 JavaThread "Cache worker for execution history cache (C:\Users\beboooooo\.gradle\caches\5.4.1\executionHistory)" [_thread_blocked, id=12300, stack(0x000000001ff60000,0x0000000020060000)]
  0x0000000018710000 JavaThread "Cache worker for journal cache (C:\Users\beboooooo\.gradle\caches\journal-1)" [_thread_blocked, id=9740, stack(0x000000001a9d0000,0x000000001aad0000)]
  0x000000001870f000 JavaThread "File lock request listener" [_thread_in_native, id=2044, stack(0x000000001a6d0000,0x000000001a7d0000)]
  0x0000000018713000 JavaThread "Cache worker for file hash cache (C:\Users\beboooooo\.gradle\caches\5.4.1\fileHashes)" [_thread_blocked, id=8892, stack(0x000000001a5d0000,0x000000001a6d0000)]
=>0x0000000017fdc800 JavaThread "Daemon worker" [_thread_in_Java, id=13716, stack(0x000000001a1d0000,0x000000001a2d0000)]
  0x00000000192a0800 JavaThread "Daemon" [_thread_blocked, id=10436, stack(0x0000000019cd0000,0x0000000019dd0000)]
  0x000000001888b000 JavaThread "Daemon periodic checks" [_thread_blocked, id=1584, stack(0x0000000019bd0000,0x0000000019cd0000)]
  0x00000000192a4800 JavaThread "Incoming local TCP Connector on port 53368" [_thread_in_native, id=13652, stack(0x0000000019990000,0x0000000019a90000)]
  0x0000000017f60000 JavaThread "Daemon health stats" [_thread_blocked, id=11660, stack(0x0000000019350000,0x0000000019450000)]
  0x00000000174af800 JavaThread "Service Thread" daemon [_thread_blocked, id=13440, stack(0x0000000017980000,0x0000000017a80000)]
  0x0000000015c7c000 JavaThread "C1 CompilerThread2" daemon [_thread_blocked, id=14208, stack(0x0000000017880000,0x0000000017980000)]
  0x0000000015c6d800 JavaThread "C2 CompilerThread1" daemon [_thread_blocked, id=2248, stack(0x0000000017380000,0x0000000017480000)]
  0x0000000015c1c000 JavaThread "C2 CompilerThread0" daemon [_thread_blocked, id=996, stack(0x0000000017280000,0x0000000017380000)]
  0x0000000015c19800 JavaThread "Attach Listener" daemon [_thread_blocked, id=8976, stack(0x0000000017180000,0x0000000017280000)]
  0x0000000015c18800 JavaThread "Signal Dispatcher" daemon [_thread_blocked, id=3452, stack(0x0000000017080000,0x0000000017180000)]
  0x00000000022ab000 JavaThread "Finalizer" daemon [_thread_blocked, id=10596, stack(0x0000000016e80000,0x0000000016f80000)]
  0x0000000015c09000 JavaThread "Reference Handler" daemon [_thread_blocked, id=6592, stack(0x0000000016d80000,0x0000000016e80000)]
  0x00000000020ae000 JavaThread "main" [_thread_blocked, id=2600, stack(0x00000000020b0000,0x00000000021b0000)]

Other Threads:
  0x0000000015be6000 VMThread [stack: 0x0000000016c80000,0x0000000016d80000] [id=9356]
  0x00000000174b0000 WatcherThread [stack: 0x0000000017a80000,0x0000000017b80000] [id=12800]

VM state:not at safepoint (normal execution)

VM Mutex/Monitor currently owned by a thread: None

heap address: 0x00000000a0000000, size: 1536 MB, Compressed Oops mode: 32-bit
Narrow klass base: 0x0000000000000000, Narrow klass shift: 3
Compressed class space size: 1073741824 Address: 0x0000000100000000

Heap:
 PSYoungGen      total 483840K, used 161361K [0x00000000e0000000, 0x00000000ffd80000, 0x0000000100000000)
  eden space 446976K, 33% used [0x00000000e0000000,0x00000000e91ae128,0x00000000fb480000)
  from space 36864K, 33% used [0x00000000fb480000,0x00000000fc066540,0x00000000fd880000)
  to   space 34816K, 0% used [0x00000000fdb80000,0x00000000fdb80000,0x00000000ffd80000)
 ParOldGen       total 151040K, used 110260K [0x00000000a0000000, 0x00000000a9380000, 0x00000000e0000000)
  object space 151040K, 73% used [0x00000000a0000000,0x00000000a6bad2d0,0x00000000a9380000)
 Metaspace       used 101949K, capacity 105972K, committed 106200K, reserved 1142784K
  class space    used 12637K, capacity 13450K, committed 13568K, reserved 1048576K

Card table byte_map: [0x0000000011670000,0x0000000011980000] byte_map_base: 0x0000000011170000

Marking Bits: (ParMarkBitMap*) 0x0000000067759f30
 Begin Bits: [0x0000000011f80000, 0x0000000013780000)
 End Bits:   [0x0000000013780000, 0x0000000014f80000)

Polling page: 0x0000000000720000

CodeCache: size=245760Kb used=77950Kb max_used=77963Kb free=167809Kb
 bounds [0x00000000022b0000, 0x0000000007000000, 0x00000000112b0000]
 total_blobs=20154 nmethods=19138 adapters=927
 compilation: enabled

Compilation events (10 events):
Event: 779.266 Thread 0x0000000015c1c000 26477       4       com.android.tools.r8.ir.code.N::a (220 bytes)
Event: 779.363 Thread 0x0000000015c1c000 nmethod 26477 0x0000000006061c10 code [0x0000000006061f00, 0x00000000060636f0]
Event: 779.363 Thread 0x0000000015c1c000 26478       4       com.android.tools.r8.ir.analysis.g.e$$Lambda$617/368573835::accept (16 bytes)
Event: 779.396 Thread 0x0000000015c1c000 nmethod 26478 0x000000000542d510 code [0x000000000542d740, 0x000000000542e150]
Event: 779.444 Thread 0x0000000015c1c000 26479       4       com.android.tools.r8.ir.code.NewArrayEmpty::a (45 bytes)
Event: 779.480 Thread 0x0000000015c1c000 nmethod 26479 0x0000000005459850 code [0x0000000005459a20, 0x000000000545a388]
Event: 779.480 Thread 0x0000000015c1c000 26480       4       com.android.tools.r8.ir.code.NewArrayEmpty::w0 (70 bytes)
Event: 779.487 Thread 0x0000000015c1c000 nmethod 26480 0x00000000057914d0 code [0x0000000005791660, 0x00000000057919b8]
Event: 779.538 Thread 0x0000000015c7c000 26481       3       com.android.tools.r8.m.a.a.b.X1::compare (22 bytes)
Event: 779.538 Thread 0x0000000015c7c000 nmethod 26481 0x00000000061f2810 code [0x00000000061f29a0, 0x00000000061f2e98]

GC Heap History (10 events):
Event: 759.225 GC heap before
{Heap before GC invocations=82 (full 7):
 PSYoungGen      total 479232K, used 445888K [0x00000000e0000000, 0x00000000ffd80000, 0x0000000100000000)
  eden space 438784K, 100% used [0x00000000e0000000,0x00000000fac80000,0x00000000fac80000)
  from space 40448K, 17% used [0x00000000fd600000,0x00000000fdcf0000,0x00000000ffd80000)
  to   space 41472K, 0% used [0x00000000fac80000,0x00000000fac80000,0x00000000fd500000)
 ParOldGen       total 151040K, used 90882K [0x00000000a0000000, 0x00000000a9380000, 0x00000000e0000000)
  object space 151040K, 60% used [0x00000000a0000000,0x00000000a58c09f8,0x00000000a9380000)
 Metaspace       used 101887K, capacity 105838K, committed 106200K, reserved 1142784K
  class space    used 12636K, capacity 13449K, committed 13568K, reserved 1048576K
Event: 759.258 GC heap after
Heap after GC invocations=82 (full 7):
 PSYoungGen      total 480256K, used 3070K [0x00000000e0000000, 0x0000000100000000, 0x0000000100000000)
  eden space 438784K, 0% used [0x00000000e0000000,0x00000000e0000000,0x00000000fac80000)
  from space 41472K, 7% used [0x00000000fac80000,0x00000000faf7f910,0x00000000fd500000)
  to   space 40960K, 0% used [0x00000000fd800000,0x00000000fd800000,0x0000000100000000)
 ParOldGen       total 151040K, used 96354K [0x00000000a0000000, 0x00000000a9380000, 0x00000000e0000000)
  object space 151040K, 63% used [0x00000000a0000000,0x00000000a5e18a50,0x00000000a9380000)
 Metaspace       used 101887K, capacity 105838K, committed 106200K, reserved 1142784K
  class space    used 12636K, capacity 13449K, committed 13568K, reserved 1048576K
}
Event: 762.166 GC heap before
{Heap before GC invocations=83 (full 7):
 PSYoungGen      total 480256K, used 441854K [0x00000000e0000000, 0x0000000100000000, 0x0000000100000000)
  eden space 438784K, 100% used [0x00000000e0000000,0x00000000fac80000,0x00000000fac80000)
  from space 41472K, 7% used [0x00000000fac80000,0x00000000faf7f910,0x00000000fd500000)
  to   space 40960K, 0% used [0x00000000fd800000,0x00000000fd800000,0x0000000100000000)
 ParOldGen       total 151040K, used 96354K [0x00000000a0000000, 0x00000000a9380000, 0x00000000e0000000)
  object space 151040K, 63% used [0x00000000a0000000,0x00000000a5e18a50,0x00000000a9380000)
 Metaspace       used 101904K, capacity 105902K, committed 106200K, reserved 1142784K
  class space    used 12636K, capacity 13449K, committed 13568K, reserved 1048576K
Event: 762.194 GC heap after
Heap after GC invocations=83 (full 7):
 PSYoungGen      total 479232K, used 10364K [0x00000000e0000000, 0x00000000ffc80000, 0x0000000100000000)
  eden space 441856K, 0% used [0x00000000e0000000,0x00000000e0000000,0x00000000faf80000)
  from space 37376K, 27% used [0x00000000fd800000,0x00000000fe21f000,0x00000000ffc80000)
  to   space 39424K, 0% used [0x00000000faf80000,0x00000000faf80000,0x00000000fd600000)
 ParOldGen       total 151040K, used 98090K [0x00000000a0000000, 0x00000000a9380000, 0x00000000e0000000)
  object space 151040K, 64% used [0x00000000a0000000,0x00000000a5fcaa20,0x00000000a9380000)
 Metaspace       used 101904K, capacity 105902K, committed 106200K, reserved 1142784K
  class space    used 12636K, capacity 13449K, committed 13568K, reserved 1048576K
}
Event: 766.481 GC heap before
{Heap before GC invocations=84 (full 7):
 PSYoungGen      total 479232K, used 452220K [0x00000000e0000000, 0x00000000ffc80000, 0x0000000100000000)
  eden space 441856K, 100% used [0x00000000e0000000,0x00000000faf80000,0x00000000faf80000)
  from space 37376K, 27% used [0x00000000fd800000,0x00000000fe21f000,0x00000000ffc80000)
  to   space 39424K, 0% used [0x00000000faf80000,0x00000000faf80000,0x00000000fd600000)
 ParOldGen       total 151040K, used 98090K [0x00000000a0000000, 0x00000000a9380000, 0x00000000e0000000)
  object space 151040K, 64% used [0x00000000a0000000,0x00000000a5fcaa20,0x00000000a9380000)
 Metaspace       used 101920K, capacity 105902K, committed 106200K, reserved 1142784K
  class space    used 12636K, capacity 13449K, committed 13568K, reserved 1048576K
Event: 766.553 GC heap after
Heap after GC invocations=84 (full 7):
 PSYoungGen      total 481280K, used 8306K [0x00000000e0000000, 0x00000000fff00000, 0x0000000100000000)
  eden space 441856K, 0% used [0x00000000e0000000,0x00000000e0000000,0x00000000faf80000)
  from space 39424K, 21% used [0x00000000faf80000,0x00000000fb79c840,0x00000000fd600000)
  to   space 37888K, 0% used [0x00000000fda00000,0x00000000fda00000,0x00000000fff00000)
 ParOldGen       total 151040K, used 105951K [0x00000000a0000000, 0x00000000a9380000, 0x00000000e0000000)
  object space 151040K, 70% used [0x00000000a0000000,0x00000000a6777ea8,0x00000000a9380000)
 Metaspace       used 101920K, capacity 105902K, committed 106200K, reserved 1142784K
  class space    used 12636K, capacity 13449K, committed 13568K, reserved 1048576K
}
Event: 773.796 GC heap before
{Heap before GC invocations=85 (full 7):
 PSYoungGen      total 481280K, used 450162K [0x00000000e0000000, 0x00000000fff00000, 0x0000000100000000)
  eden space 441856K, 100% used [0x00000000e0000000,0x00000000faf80000,0x00000000faf80000)
  from space 39424K, 21% used [0x00000000faf80000,0x00000000fb79c840,0x00000000fd600000)
  to   space 37888K, 0% used [0x00000000fda00000,0x00000000fda00000,0x00000000fff00000)
 ParOldGen       total 151040K, used 105951K [0x00000000a0000000, 0x00000000a9380000, 0x00000000e0000000)
  object space 151040K, 70% used [0x00000000a0000000,0x00000000a6777ea8,0x00000000a9380000)
 Metaspace       used 101928K, capacity 105908K, committed 106200K, reserved 1142784K
  class space    used 12636K, capacity 13450K, committed 13568K, reserved 1048576K
Event: 773.826 GC heap after
Heap after GC invocations=85 (full 7):
 PSYoungGen      total 482304K, used 3282K [0x00000000e0000000, 0x00000000ffc80000, 0x0000000100000000)
  eden space 446976K, 0% used [0x00000000e0000000,0x00000000e0000000,0x00000000fb480000)
  from space 35328K, 9% used [0x00000000fda00000,0x00000000fdd34960,0x00000000ffc80000)
  to   space 36864K, 0% used [0x00000000fb480000,0x00000000fb480000,0x00000000fd880000)
 ParOldGen       total 151040K, used 107628K [0x00000000a0000000, 0x00000000a9380000, 0x00000000e0000000)
  object space 151040K, 71% used [0x00000000a0000000,0x00000000a691b2b0,0x00000000a9380000)
 Metaspace       used 101928K, capacity 105908K, committed 106200K, reserved 1142784K
  class space    used 12636K, capacity 13450K, committed 13568K, reserved 1048576K
}
Event: 779.182 GC heap before
{Heap before GC invocations=86 (full 7):
 PSYoungGen      total 482304K, used 450258K [0x00000000e0000000, 0x00000000ffc80000, 0x0000000100000000)
  eden space 446976K, 100% used [0x00000000e0000000,0x00000000fb480000,0x00000000fb480000)
  from space 35328K, 9% used [0x00000000fda00000,0x00000000fdd34960,0x00000000ffc80000)
  to   space 36864K, 0% used [0x00000000fb480000,0x00000000fb480000,0x00000000fd880000)
 ParOldGen       total 151040K, used 107628K [0x00000000a0000000, 0x00000000a9380000, 0x00000000e0000000)
  object space 151040K, 71% used [0x00000000a0000000,0x00000000a691b2b0,0x00000000a9380000)
 Metaspace       used 101942K, capacity 105972K, committed 106200K, reserved 1142784K
  class space    used 12637K, capacity 13450K, committed 13568K, reserved 1048576K
Event: 779.211 GC heap after
Heap after GC invocations=86 (full 7):
 PSYoungGen      total 483840K, used 12185K [0x00000000e0000000, 0x00000000ffd80000, 0x0000000100000000)
  eden space 446976K, 0% used [0x00000000e0000000,0x00000000e0000000,0x00000000fb480000)
  from space 36864K, 33% used [0x00000000fb480000,0x00000000fc066540,0x00000000fd880000)
  to   space 34816K, 0% used [0x00000000fdb80000,0x00000000fdb80000,0x00000000ffd80000)
 ParOldGen       total 151040K, used 110260K [0x00000000a0000000, 0x00000000a9380000, 0x00000000e0000000)
  object space 151040K, 73% used [0x00000000a0000000,0x00000000a6bad2d0,0x00000000a9380000)
 Metaspace       used 101942K, capacity 105972K, committed 106200K, reserved 1142784K
  class space    used 12637K, capacity 13450K, committed 13568K, reserved 1048576K
}

Deoptimization events (10 events):
Event: 778.315 Thread 0x0000000017fdc800 Uncommon trap: reason=unstable_if action=reinterpret pc=0x000000000619f5b0 method=java.util.HashMap$TreeNode.find(ILjava/lang/Object;Ljava/lang/Class;)Ljava/util/HashMap$TreeNode; @ 71
Event: 778.330 Thread 0x000000001cf45800 Uncommon trap: reason=bimorphic action=maybe_recompile pc=0x00000000060b4390 method=com.android.tools.r8.ir.analysis.g.e.a(Lcom/android/tools/r8/ir/code/Phi;)V @ 91
Event: 779.265 Thread 0x0000000017fdc800 Uncommon trap: reason=class_check action=maybe_recompile pc=0x000000000624cdf4 method=com.android.tools.r8.ir.code.N.a(Lcom/android/tools/r8/ir/code/IRCode;Ljava/util/function/Function;)Lcom/android/tools/r8/ir/analysis/g/d; @ 36
Event: 779.266 Thread 0x0000000017fdc800 Uncommon trap: reason=class_check action=maybe_recompile pc=0x000000000624cdf4 method=com.android.tools.r8.ir.code.N.a(Lcom/android/tools/r8/ir/code/IRCode;Ljava/util/function/Function;)Lcom/android/tools/r8/ir/analysis/g/d; @ 36
Event: 779.266 Thread 0x0000000017fdc800 Uncommon trap: reason=class_check action=maybe_recompile pc=0x000000000624cdf4 method=com.android.tools.r8.ir.code.N.a(Lcom/android/tools/r8/ir/code/IRCode;Ljava/util/function/Function;)Lcom/android/tools/r8/ir/analysis/g/d; @ 36
Event: 779.266 Thread 0x0000000017fdc800 Uncommon trap: reason=class_check action=maybe_recompile pc=0x000000000624cdf4 method=com.android.tools.r8.ir.code.N.a(Lcom/android/tools/r8/ir/code/IRCode;Ljava/util/function/Function;)Lcom/android/tools/r8/ir/analysis/g/d; @ 36
Event: 779.269 Thread 0x0000000017fdc800 Uncommon trap: reason=class_check action=maybe_recompile pc=0x0000000005123580 method=com.android.tools.r8.ir.analysis.g.e.a(Ljava/util/List;Ljava/util/Map$Entry;)V @ 35
Event: 779.409 Thread 0x000000001cf45800 Uncommon trap: reason=bimorphic action=maybe_recompile pc=0x0000000006bb731c method=com.android.tools.r8.ir.conversion.E.a(Lcom/android/tools/r8/ir/conversion/I;Ljava/util/List;)V @ 233
Event: 779.409 Thread 0x000000001cf45800 Uncommon trap: reason=bimorphic action=maybe_recompile pc=0x0000000006bb731c method=com.android.tools.r8.ir.conversion.E.a(Lcom/android/tools/r8/ir/conversion/I;Ljava/util/List;)V @ 233
Event: 779.539 Thread 0x0000000017fdc800 Uncommon trap: reason=bimorphic action=maybe_recompile pc=0x00000000053aaa94 method=com.android.tools.r8.ir.code.Value.y()Z @ 1

Classes redefined (0 events):
No events

Internal exceptions (10 events):
Event: 774.122 Thread 0x000000001cf45800 Exception <a 'sun/nio/fs/WindowsException'> (0x00000000e26158f8) thrown at [D:\src\AOSP-openjdk-cygwin\jdk8u\hotspot\src\share\vm\prims\jni.cpp, line 710]
Event: 774.151 Thread 0x000000001cf46800 Exception <a 'sun/nio/fs/WindowsException'> (0x00000000e1717418) thrown at [D:\src\AOSP-openjdk-cygwin\jdk8u\hotspot\src\share\vm\prims\jni.cpp, line 710]
Event: 774.163 Thread 0x000000001cf46800 Exception <a 'sun/nio/fs/WindowsException'> (0x00000000e17b0958) thrown at [D:\src\AOSP-openjdk-cygwin\jdk8u\hotspot\src\share\vm\prims\jni.cpp, line 710]
Event: 774.239 Thread 0x000000001cf42800 Exception <a 'sun/nio/fs/WindowsException'> (0x00000000e2a82e78) thrown at [D:\src\AOSP-openjdk-cygwin\jdk8u\hotspot\src\share\vm\prims\jni.cpp, line 710]
Event: 774.369 Thread 0x0000000017fdc800 Exception <a 'sun/nio/fs/WindowsException'> (0x00000000e388c760) thrown at [D:\src\AOSP-openjdk-cygwin\jdk8u\hotspot\src\share\vm\prims\jni.cpp, line 710]
Event: 775.134 Thread 0x000000001cf42800 Exception <a 'sun/nio/fs/WindowsException'> (0x00000000e4e162c0) thrown at [D:\src\AOSP-openjdk-cygwin\jdk8u\hotspot\src\share\vm\prims\jni.cpp, line 710]
Event: 776.983 Thread 0x000000001cf46800 Exception <a 'sun/nio/fs/WindowsException'> (0x00000000e7995e80) thrown at [D:\src\AOSP-openjdk-cygwin\jdk8u\hotspot\src\share\vm\prims\jni.cpp, line 710]
Event: 777.397 Thread 0x000000001cf45800 Exception <a 'sun/nio/fs/WindowsException'> (0x00000000ed8b1470) thrown at [D:\src\AOSP-openjdk-cygwin\jdk8u\hotspot\src\share\vm\prims\jni.cpp, line 710]
Event: 778.066 Thread 0x000000001cf46800 Exception <a 'sun/nio/fs/WindowsException'> (0x00000000f2a52a80) thrown at [D:\src\AOSP-openjdk-cygwin\jdk8u\hotspot\src\share\vm\prims\jni.cpp, line 710]
Event: 779.147 Thread 0x000000001cf42800 Exception <a 'sun/nio/fs/WindowsException'> (0x00000000fa9293b0) thrown at [D:\src\AOSP-openjdk-cygwin\jdk8u\hotspot\src\share\vm\prims\jni.cpp, line 710]

Events (10 events):
Event: 779.269 Thread 0x0000000017fdc800 DEOPT UNPACKING pc=0x00000000022f557b sp=0x000000001a2c9608 mode 2
Event: 779.409 Thread 0x000000001cf45800 Uncommon trap: trap_request=0xffffffc6 fr.pc=0x0000000006bb731c
Event: 779.409 Thread 0x000000001cf45800 DEOPT PACKING pc=0x0000000006bb731c sp=0x000000002667b7f0
Event: 779.409 Thread 0x000000001cf45800 DEOPT UNPACKING pc=0x00000000022f557b sp=0x000000002667b7c0 mode 2
Event: 779.409 Thread 0x000000001cf45800 Uncommon trap: trap_request=0xffffffc6 fr.pc=0x0000000006bb731c
Event: 779.409 Thread 0x000000001cf45800 DEOPT PACKING pc=0x0000000006bb731c sp=0x000000002667b7f0
Event: 779.409 Thread 0x000000001cf45800 DEOPT UNPACKING pc=0x00000000022f557b sp=0x000000002667b7c0 mode 2
Event: 779.539 Thread 0x0000000017fdc800 Uncommon trap: trap_request=0xffffffc6 fr.pc=0x00000000053aaa94
Event: 779.539 Thread 0x0000000017fdc800 DEOPT PACKING pc=0x00000000053aaa94 sp=0x000000001a2c9400
Event: 779.539 Thread 0x0000000017fdc800 DEOPT UNPACKING pc=0x00000000022f557b sp=0x000000001a2c9348 mode 2


Dynamic libraries:
0x00007ff770720000 - 0x00007ff770751000 	C:\Program Files\Android\Android Studio\jre\bin\java.exe
0x00007ff923640000 - 0x00007ff92382d000 	C:\WINDOWS\SYSTEM32\ntdll.dll
0x00007ff920e00000 - 0x00007ff920eb3000 	C:\WINDOWS\System32\KERNEL32.DLL
0x00007ff91f7e0000 - 0x00007ff91fa73000 	C:\WINDOWS\System32\KERNELBASE.dll
0x00007ff920940000 - 0x00007ff9209e3000 	C:\WINDOWS\System32\ADVAPI32.dll
0x00007ff920d60000 - 0x00007ff920dfe000 	C:\WINDOWS\System32\msvcrt.dll
0x00007ff921dd0000 - 0x00007ff921e6e000 	C:\WINDOWS\System32\sechost.dll
0x00007ff921b20000 - 0x00007ff921c42000 	C:\WINDOWS\System32\RPCRT4.dll
0x00007ff920ec0000 - 0x00007ff921057000 	C:\WINDOWS\System32\USER32.dll
0x00007ff9208a0000 - 0x00007ff9208c0000 	C:\WINDOWS\System32\win32u.dll
0x00007ff923530000 - 0x00007ff923559000 	C:\WINDOWS\System32\GDI32.dll
0x00007ff91feb0000 - 0x00007ff920049000 	C:\WINDOWS\System32\gdi32full.dll
0x00007ff91fa80000 - 0x00007ff91fb20000 	C:\WINDOWS\System32\msvcp_win.dll
0x00007ff91fd60000 - 0x00007ff91fe5a000 	C:\WINDOWS\System32\ucrtbase.dll
0x00007ff90d8b0000 - 0x00007ff90db29000 	C:\WINDOWS\WinSxS\amd64_microsoft.windows.common-controls_6595b64144ccf1df_6.0.17763.802_none_05b1445c0722d2cc\COMCTL32.dll
0x00007ff921360000 - 0x00007ff92168c000 	C:\WINDOWS\System32\combase.dll
0x00007ff9208c0000 - 0x00007ff92093e000 	C:\WINDOWS\System32\bcryptPrimitives.dll
0x00007ff920b20000 - 0x00007ff920b4e000 	C:\WINDOWS\System32\IMM32.DLL
0x0000000066dd0000 - 0x0000000066ea2000 	C:\Program Files\Android\Android Studio\jre\jre\bin\msvcr100.dll
0x0000000066f90000 - 0x00000000677d6000 	C:\Program Files\Android\Android Studio\jre\jre\bin\server\jvm.dll
0x00007ff921b10000 - 0x00007ff921b18000 	C:\WINDOWS\System32\PSAPI.DLL
0x00007ff914180000 - 0x00007ff914189000 	C:\WINDOWS\SYSTEM32\WSOCK32.dll
0x00007ff921cb0000 - 0x00007ff921d1d000 	C:\WINDOWS\System32\WS2_32.dll
0x00007ff91c570000 - 0x00007ff91c594000 	C:\WINDOWS\SYSTEM32\WINMM.dll
0x00007ff9185e0000 - 0x00007ff9185ea000 	C:\WINDOWS\SYSTEM32\VERSION.dll
0x00007ff91c540000 - 0x00007ff91c56d000 	C:\WINDOWS\SYSTEM32\WINMMBASE.dll
0x00007ff920050000 - 0x00007ff92009a000 	C:\WINDOWS\System32\cfgmgr32.dll
0x00007ff91c640000 - 0x00007ff91c64f000 	C:\Program Files\Android\Android Studio\jre\jre\bin\verify.dll
0x00007ff918920000 - 0x00007ff918949000 	C:\Program Files\Android\Android Studio\jre\jre\bin\java.dll
0x00007ff91c050000 - 0x00007ff91c066000 	C:\Program Files\Android\Android Studio\jre\jre\bin\zip.dll
0x00007ff922030000 - 0x00007ff923524000 	C:\WINDOWS\System32\SHELL32.dll
0x00007ff923560000 - 0x00007ff923608000 	C:\WINDOWS\System32\shcore.dll
0x00007ff920150000 - 0x00007ff92089d000 	C:\WINDOWS\System32\windows.storage.dll
0x00007ff91f750000 - 0x00007ff91f774000 	C:\WINDOWS\System32\profapi.dll
0x00007ff91f780000 - 0x00007ff91f7dd000 	C:\WINDOWS\System32\powrprof.dll
0x00007ff920ac0000 - 0x00007ff920b12000 	C:\WINDOWS\System32\shlwapi.dll
0x00007ff91f730000 - 0x00007ff91f741000 	C:\WINDOWS\System32\kernel.appcore.dll
0x00007ff91fe60000 - 0x00007ff91fe77000 	C:\WINDOWS\System32\cryptsp.dll
0x00007ff91ae60000 - 0x00007ff91ae7a000 	C:\Program Files\Android\Android Studio\jre\jre\bin\net.dll
0x00007ff91ef80000 - 0x00007ff91efe7000 	C:\WINDOWS\system32\mswsock.dll
0x00007ff914da0000 - 0x00007ff914db1000 	C:\Program Files\Android\Android Studio\jre\jre\bin\nio.dll
0x00007ff908120000 - 0x00007ff908146000 	C:\Users\beboooooo\.gradle\native\29\windows-amd64\native-platform.dll
0x00007ff91bf40000 - 0x00007ff91bf4d000 	C:\Program Files\Android\Android Studio\jre\jre\bin\management.dll
0x00007ff91eb00000 - 0x00007ff91eb33000 	C:\WINDOWS\system32\rsaenh.dll
0x00007ff91fe80000 - 0x00007ff91fea6000 	C:\WINDOWS\System32\bcrypt.dll
0x00007ff91f610000 - 0x00007ff91f638000 	C:\WINDOWS\SYSTEM32\USERENV.dll
0x00007ff91f150000 - 0x00007ff91f15c000 	C:\WINDOWS\SYSTEM32\CRYPTBASE.dll
0x00007ff91eca0000 - 0x00007ff91ecdd000 	C:\WINDOWS\SYSTEM32\IPHLPAPI.DLL
0x00007ff922020000 - 0x00007ff922028000 	C:\WINDOWS\System32\NSI.dll
0x00007ff914a50000 - 0x00007ff914a66000 	C:\WINDOWS\SYSTEM32\dhcpcsvc6.DLL
0x00007ff914b70000 - 0x00007ff914b8c000 	C:\WINDOWS\SYSTEM32\dhcpcsvc.DLL
0x00007ff91ece0000 - 0x00007ff91eda6000 	C:\WINDOWS\SYSTEM32\DNSAPI.dll
0x00007ff9082d0000 - 0x00007ff9082f4000 	C:\Program Files\Android\Android Studio\jre\jre\bin\sunec.dll
0x00007ff912400000 - 0x00007ff91240a000 	C:\Windows\System32\rasadhlp.dll
0x00007ff912a50000 - 0x00007ff912ac9000 	C:\WINDOWS\System32\fwpuclnt.dll
0x00007ff918990000 - 0x00007ff91899b000 	C:\Program Files\Android\Android Studio\jre\jre\bin\sunmscapi.dll
0x00007ff91fb20000 - 0x00007ff91fcfb000 	C:\WINDOWS\System32\CRYPT32.dll
0x00007ff91f710000 - 0x00007ff91f722000 	C:\WINDOWS\System32\MSASN1.dll
0x00007ff8efec0000 - 0x00007ff8f005c000 	C:\Program Files\Android\Android Studio\jre\jre\bin\awt.dll
0x00007ff9209f0000 - 0x00007ff920ab4000 	C:\WINDOWS\System32\OLEAUT32.dll
0x00007ff91ddb0000 - 0x00007ff91ddde000 	C:\WINDOWS\SYSTEM32\dwmapi.dll
0x00007ff91c670000 - 0x00007ff91cc2e000 	C:\WINDOWS\SYSTEM32\d2d1.dll
0x00007ff91da50000 - 0x00007ff91dadc000 	C:\WINDOWS\SYSTEM32\apphelp.dll
0x00007ff91db00000 - 0x00007ff91db9c000 	C:\WINDOWS\system32\uxtheme.dll
0x00007ff912fb0000 - 0x00007ff91319d000 	C:\WINDOWS\SYSTEM32\dbghelp.dll

VM Arguments:
jvm_args: -Xmx1536m -Dfile.encoding=windows-1252 -Duser.country=US -Duser.language=en -Duser.variant 
java_command: org.gradle.launcher.daemon.bootstrap.GradleDaemon 5.4.1
java_class_path (initial): C:\Users\beboooooo\.gradle\wrapper\dists\gradle-5.4.1-all\3221gyojl5jsh0helicew7rwx\gradle-5.4.1\lib\gradle-launcher-5.4.1.jar
Launcher Type: SUN_STANDARD

Environment Variables:
PATH=C:\WINDOWS\system32;C:\WINDOWS;C:\WINDOWS\System32\Wbem;C:\WINDOWS\System32\WindowsPowerShell\v1.0\;C:\Program Files (x86)\ATI Technologies\ATI.ACE\Core-Static;C:\Program Files\Git\cmd;C:\WINDOWS\System32\OpenSSH\;C:\Users\beboooooo\AppData\Local\Microsoft\WindowsApps;
USERNAME=beboooooo
OS=Windows_NT
PROCESSOR_IDENTIFIER=Intel64 Family 6 Model 42 Stepping 7, GenuineIntel



---------------  S Y S T E M  ---------------

OS: Windows 10.0 , 64 bit Build 17763 (10.0.17763.475)

CPU:total 4 (initial active 4) (2 cores per cpu, 2 threads per core) family 6 model 42 stepping 7, cmov, cx8, fxsr, mmx, sse, sse2, sse3, ssse3, sse4.1, sse4.2, popcnt, avx, aes, clmul, ht, tsc, tscinvbit

Memory: 4k page, physical 4140908k(274880k free), swap 8859500k(2150852k free)

vm_info: OpenJDK 64-Bit Server VM (25.202-b03) for windows-amd64 JRE (1.8.0_202-release-1483-b03), built by "builder" with MS VC++ 10.0 (VS2010)

time: Sat Oct 12 15:25:15 2019
timezone: Egypt Standard Time
elapsed time: 780 seconds (0d 0h 13m 0s)

